[2021-10-18 10:04:54] local.ERROR: SQLSTATE[22001]: String data, right truncated: 1406 Data too long for column 'description' at row 1 (SQL: update `services` set `excerpt` = Для компании от 30 до 100 гостей, `description` = Ведёрки с мороженым 8 штук по 1,5 кг 
Максимум 8 вкусов 
12 кг мороженого - 240 порций по 50 гр
Рожки для мороженого вафельные сахарные 225 штук
Креманки для мороженого брэндированные 50 штук
Ложечки одноразовые для мороженого 100 штук
Работа бармена по раздаче мороженого 1-2 часа, `content` = <p>Выезд на мероприятие в черте города бармена в фирменной униформе для раздачи мороженого в течение 1-2 часов.</p>
<p>Предоставление специализированного оборудования для хранения мороженого во время мероприятия. Предоставление всех необходимых комплектующих для раздачи мороженого</p>, `price` = 80000, `body` = ?, `services`.`updated_at` = 2021-10-18 10:04:54 where `id` = 1) {"userId":1,"exception":"[object] (Illuminate\\Database\\QueryException(code: 22001): SQLSTATE[22001]: String data, right truncated: 1406 Data too long for column 'description' at row 1 (SQL: update `services` set `excerpt` = Для компании от 30 до 100 гостей, `description` = Ведёрки с мороженым 8 штук по 1,5 кг 
Максимум 8 вкусов 
12 кг мороженого - 240 порций по 50 гр
Рожки для мороженого вафельные сахарные 225 штук
Креманки для мороженого брэндированные 50 штук
Ложечки одноразовые для мороженого 100 штук
Работа бармена по раздаче мороженого 1-2 часа, `content` = <p>Выезд на мероприятие в черте города бармена в фирменной униформе для раздачи мороженого в течение 1-2 часов.</p>
<p>Предоставление специализированного оборудования для хранения мороженого во время мероприятия. Предоставление всех необходимых комплектующих для раздачи мороженого</p>, `price` = 80000, `body` = ?, `services`.`updated_at` = 2021-10-18 10:04:54 where `id` = 1) at /home/users/0/004/domains/tutto.testkz.ru/vendor/laravel/framework/src/Illuminate/Database/Connection.php:692)
[stacktrace]
#0 /home/users/0/004/domains/tutto.testkz.ru/vendor/laravel/framework/src/Illuminate/Database/Connection.php(652): Illuminate\\Database\\Connection->runQueryCallback('update `service...', Array, Object(Closure))
#1 /home/users/0/004/domains/tutto.testkz.ru/vendor/laravel/framework/src/Illuminate/Database/Connection.php(517): Illuminate\\Database\\Connection->run('update `service...', Array, Object(Closure))
#2 /home/users/0/004/domains/tutto.testkz.ru/vendor/laravel/framework/src/Illuminate/Database/Connection.php(450): Illuminate\\Database\\Connection->affectingStatement('update `service...', Array)
#3 /home/users/0/004/domains/tutto.testkz.ru/vendor/laravel/framework/src/Illuminate/Database/Query/Builder.php(2999): Illuminate\\Database\\Connection->update('update `service...', Array)
#4 /home/users/0/004/domains/tutto.testkz.ru/vendor/laravel/framework/src/Illuminate/Database/Eloquent/Builder.php(896): Illuminate\\Database\\Query\\Builder->update(Array)
#5 /home/users/0/004/domains/tutto.testkz.ru/vendor/laravel/framework/src/Illuminate/Database/Eloquent/Model.php(1008): Illuminate\\Database\\Eloquent\\Builder->update(Array)
#6 /home/users/0/004/domains/tutto.testkz.ru/vendor/laravel/framework/src/Illuminate/Database/Eloquent/Model.php(923): Illuminate\\Database\\Eloquent\\Model->performUpdate(Object(Illuminate\\Database\\Eloquent\\Builder))
#7 /home/users/0/004/domains/tutto.testkz.ru/vendor/tcg/voyager/src/Http/Controllers/Controller.php(142): Illuminate\\Database\\Eloquent\\Model->save()
#8 /home/users/0/004/domains/tutto.testkz.ru/vendor/tcg/voyager/src/Http/Controllers/VoyagerBaseController.php(363): TCG\\Voyager\\Http\\Controllers\\Controller->insertUpdateData(Object(Illuminate\\Http\\Request), 'services', Object(Illuminate\\Database\\Eloquent\\Collection), Object(App\\Models\\Service))
#9 /home/users/0/004/domains/tutto.testkz.ru/vendor/laravel/framework/src/Illuminate/Routing/Controller.php(54): TCG\\Voyager\\Http\\Controllers\\VoyagerBaseController->update(Object(Illuminate\\Http\\Request), '1')
#10 /home/users/0/004/domains/tutto.testkz.ru/vendor/laravel/framework/src/Illuminate/Routing/ControllerDispatcher.php(45): Illuminate\\Routing\\Controller->callAction('update', Array)
#11 /home/users/0/004/domains/tutto.testkz.ru/vendor/laravel/framework/src/Illuminate/Routing/Route.php(254): Illuminate\\Routing\\ControllerDispatcher->dispatch(Object(Illuminate\\Routing\\Route), Object(App\\Http\\Controllers\\Voyager\\VoyagerBaseController), 'update')
#12 /home/users/0/004/domains/tutto.testkz.ru/vendor/laravel/framework/src/Illuminate/Routing/Route.php(197): Illuminate\\Routing\\Route->runController()
#13 /home/users/0/004/domains/tutto.testkz.ru/vendor/laravel/framework/src/Illuminate/Routing/Router.php(695): Illuminate\\Routing\\Route->run()
#14 /home/users/0/004/domains/tutto.testkz.ru/vendor/laravel/framework/src/Illuminate/Pipeline/Pipeline.php(128): Illuminate\\Routing\\Router->Illuminate\\Routing\\{closure}(Object(Illuminate\\Http\\Request))
#15 /home/users/0/004/domains/tutto.testkz.ru/vendor/tcg/voyager/src/Http/Middleware/VoyagerAdminMiddleware.php(26): Illuminate\\Pipeline\\Pipeline->Illuminate\\Pipeline\\{closure}(Object(Illuminate\\Http\\Request))
#16 /home/users/0/004/domains/tutto.testkz.ru/vendor/laravel/framework/src/Illuminate/Pipeline/Pipeline.php(167): TCG\\Voyager\\Http\\Middleware\\VoyagerAdminMiddleware->handle(Object(Illuminate\\Http\\Request), Object(Closure))
#17 /home/users/0/004/domains/tutto.testkz.ru/vendor/laravel/framework/src/Illuminate/Routing/Middleware/SubstituteBindings.php(50): Illuminate\\Pipeline\\Pipeline->Illuminate\\Pipeline\\{closure}(Object(Illuminate\\Http\\Request))
#18 /home/users/0/004/domains/tutto.testkz.ru/vendor/laravel/framework/src/Illuminate/Pipeline/Pipeline.php(167): Illuminate\\Routing\\Middleware\\SubstituteBindings->handle(Object(Illuminate\\Http\\Request), Object(Closure))
#19 /home/users/0/004/domains/tutto.testkz.ru/vendor/laravel/framework/src/Illuminate/Foundation/Http/Middleware/VerifyCsrfToken.php(78): Illuminate\\Pipeline\\Pipeline->Illuminate\\Pipeline\\{closure}(Object(Illuminate\\Http\\Request))
#20 /home/users/0/004/domains/tutto.testkz.ru/vendor/laravel/framework/src/Illuminate/Pipeline/Pipeline.php(167): Illuminate\\Foundation\\Http\\Middleware\\VerifyCsrfToken->handle(Object(Illuminate\\Http\\Request), Object(Closure))
#21 /home/users/0/004/domains/tutto.testkz.ru/vendor/laravel/framework/src/Illuminate/View/Middleware/ShareErrorsFromSession.php(49): Illuminate\\Pipeline\\Pipeline->Illuminate\\Pipeline\\{closure}(Object(Illuminate\\Http\\Request))
#22 /home/users/0/004/domains/tutto.testkz.ru/vendor/laravel/framework/src/Illuminate/Pipeline/Pipeline.php(167): Illuminate\\View\\Middleware\\ShareErrorsFromSession->handle(Object(Illuminate\\Http\\Request), Object(Closure))
#23 /home/users/0/004/domains/tutto.testkz.ru/vendor/laravel/framework/src/Illuminate/Session/Middleware/StartSession.php(121): Illuminate\\Pipeline\\Pipeline->Illuminate\\Pipeline\\{closure}(Object(Illuminate\\Http\\Request))
#24 /home/users/0/004/domains/tutto.testkz.ru/vendor/laravel/framework/src/Illuminate/Session/Middleware/StartSession.php(64): Illuminate\\Session\\Middleware\\StartSession->handleStatefulRequest(Object(Illuminate\\Http\\Request), Object(Illuminate\\Session\\Store), Object(Closure))
#25 /home/users/0/004/domains/tutto.testkz.ru/vendor/laravel/framework/src/Illuminate/Pipeline/Pipeline.php(167): Illuminate\\Session\\Middleware\\StartSession->handle(Object(Illuminate\\Http\\Request), Object(Closure))
#26 /home/users/0/004/domains/tutto.testkz.ru/vendor/laravel/framework/src/Illuminate/Cookie/Middleware/AddQueuedCookiesToResponse.php(37): Illuminate\\Pipeline\\Pipeline->Illuminate\\Pipeline\\{closure}(Object(Illuminate\\Http\\Request))
#27 /home/users/0/004/domains/tutto.testkz.ru/vendor/laravel/framework/src/Illuminate/Pipeline/Pipeline.php(167): Illuminate\\Cookie\\Middleware\\AddQueuedCookiesToResponse->handle(Object(Illuminate\\Http\\Request), Object(Closure))
#28 /home/users/0/004/domains/tutto.testkz.ru/vendor/laravel/framework/src/Illuminate/Cookie/Middleware/EncryptCookies.php(67): Illuminate\\Pipeline\\Pipeline->Illuminate\\Pipeline\\{closure}(Object(Illuminate\\Http\\Request))
#29 /home/users/0/004/domains/tutto.testkz.ru/vendor/laravel/framework/src/Illuminate/Pipeline/Pipeline.php(167): Illuminate\\Cookie\\Middleware\\EncryptCookies->handle(Object(Illuminate\\Http\\Request), Object(Closure))
#30 /home/users/0/004/domains/tutto.testkz.ru/vendor/laravel/framework/src/Illuminate/Pipeline/Pipeline.php(103): Illuminate\\Pipeline\\Pipeline->Illuminate\\Pipeline\\{closure}(Object(Illuminate\\Http\\Request))
#31 /home/users/0/004/domains/tutto.testkz.ru/vendor/laravel/framework/src/Illuminate/Routing/Router.php(697): Illuminate\\Pipeline\\Pipeline->then(Object(Closure))
#32 /home/users/0/004/domains/tutto.testkz.ru/vendor/laravel/framework/src/Illuminate/Routing/Router.php(672): Illuminate\\Routing\\Router->runRouteWithinStack(Object(Illuminate\\Routing\\Route), Object(Illuminate\\Http\\Request))
#33 /home/users/0/004/domains/tutto.testkz.ru/vendor/laravel/framework/src/Illuminate/Routing/Router.php(636): Illuminate\\Routing\\Router->runRoute(Object(Illuminate\\Http\\Request), Object(Illuminate\\Routing\\Route))
#34 /home/users/0/004/domains/tutto.testkz.ru/vendor/laravel/framework/src/Illuminate/Routing/Router.php(625): Illuminate\\Routing\\Router->dispatchToRoute(Object(Illuminate\\Http\\Request))
#35 /home/users/0/004/domains/tutto.testkz.ru/vendor/laravel/framework/src/Illuminate/Foundation/Http/Kernel.php(166): Illuminate\\Routing\\Router->dispatch(Object(Illuminate\\Http\\Request))
#36 /home/users/0/004/domains/tutto.testkz.ru/vendor/laravel/framework/src/Illuminate/Pipeline/Pipeline.php(128): Illuminate\\Foundation\\Http\\Kernel->Illuminate\\Foundation\\Http\\{closure}(Object(Illuminate\\Http\\Request))
#37 /home/users/0/004/domains/tutto.testkz.ru/vendor/laravel/framework/src/Illuminate/Foundation/Http/Middleware/TransformsRequest.php(21): Illuminate\\Pipeline\\Pipeline->Illuminate\\Pipeline\\{closure}(Object(Illuminate\\Http\\Request))
#38 /home/users/0/004/domains/tutto.testkz.ru/vendor/laravel/framework/src/Illuminate/Foundation/Http/Middleware/ConvertEmptyStringsToNull.php(31): Illuminate\\Foundation\\Http\\Middleware\\TransformsRequest->handle(Object(Illuminate\\Http\\Request), Object(Closure))
#39 /home/users/0/004/domains/tutto.testkz.ru/vendor/laravel/framework/src/Illuminate/Pipeline/Pipeline.php(167): Illuminate\\Foundation\\Http\\Middleware\\ConvertEmptyStringsToNull->handle(Object(Illuminate\\Http\\Request), Object(Closure))
#40 /home/users/0/004/domains/tutto.testkz.ru/vendor/laravel/framework/src/Illuminate/Foundation/Http/Middleware/TransformsRequest.php(21): Illuminate\\Pipeline\\Pipeline->Illuminate\\Pipeline\\{closure}(Object(Illuminate\\Http\\Request))
#41 /home/users/0/004/domains/tutto.testkz.ru/vendor/laravel/framework/src/Illuminate/Foundation/Http/Middleware/TrimStrings.php(40): Illuminate\\Foundation\\Http\\Middleware\\TransformsRequest->handle(Object(Illuminate\\Http\\Request), Object(Closure))
#42 /home/users/0/004/domains/tutto.testkz.ru/vendor/laravel/framework/src/Illuminate/Pipeline/Pipeline.php(167): Illuminate\\Foundation\\Http\\Middleware\\TrimStrings->handle(Object(Illuminate\\Http\\Request), Object(Closure))
#43 /home/users/0/004/domains/tutto.testkz.ru/vendor/laravel/framework/src/Illuminate/Foundation/Http/Middleware/ValidatePostSize.php(27): Illuminate\\Pipeline\\Pipeline->Illuminate\\Pipeline\\{closure}(Object(Illuminate\\Http\\Request))
#44 /home/users/0/004/domains/tutto.testkz.ru/vendor/laravel/framework/src/Illuminate/Pipeline/Pipeline.php(167): Illuminate\\Foundation\\Http\\Middleware\\ValidatePostSize->handle(Object(Illuminate\\Http\\Request), Object(Closure))
#45 /home/users/0/004/domains/tutto.testkz.ru/vendor/laravel/framework/src/Illuminate/Foundation/Http/Middleware/PreventRequestsDuringMaintenance.php(86): Illuminate\\Pipeline\\Pipeline->Illuminate\\Pipeline\\{closure}(Object(Illuminate\\Http\\Request))
#46 /home/users/0/004/domains/tutto.testkz.ru/vendor/laravel/framework/src/Illuminate/Pipeline/Pipeline.php(167): Illuminate\\Foundation\\Http\\Middleware\\PreventRequestsDuringMaintenance->handle(Object(Illuminate\\Http\\Request), Object(Closure))
#47 /home/users/0/004/domains/tutto.testkz.ru/vendor/fruitcake/laravel-cors/src/HandleCors.php(38): Illuminate\\Pipeline\\Pipeline->Illuminate\\Pipeline\\{closure}(Object(Illuminate\\Http\\Request))
#48 /home/users/0/004/domains/tutto.testkz.ru/vendor/laravel/framework/src/Illuminate/Pipeline/Pipeline.php(167): Fruitcake\\Cors\\HandleCors->handle(Object(Illuminate\\Http\\Request), Object(Closure))
#49 /home/users/0/004/domains/tutto.testkz.ru/vendor/fideloper/proxy/src/TrustProxies.php(57): Illuminate\\Pipeline\\Pipeline->Illuminate\\Pipeline\\{closure}(Object(Illuminate\\Http\\Request))
#50 /home/users/0/004/domains/tutto.testkz.ru/vendor/laravel/framework/src/Illuminate/Pipeline/Pipeline.php(167): Fideloper\\Proxy\\TrustProxies->handle(Object(Illuminate\\Http\\Request), Object(Closure))
#51 /home/users/0/004/domains/tutto.testkz.ru/vendor/laravel/framework/src/Illuminate/Pipeline/Pipeline.php(103): Illuminate\\Pipeline\\Pipeline->Illuminate\\Pipeline\\{closure}(Object(Illuminate\\Http\\Request))
#52 /home/users/0/004/domains/tutto.testkz.ru/vendor/laravel/framework/src/Illuminate/Foundation/Http/Kernel.php(141): Illuminate\\Pipeline\\Pipeline->then(Object(Closure))
#53 /home/users/0/004/domains/tutto.testkz.ru/vendor/laravel/framework/src/Illuminate/Foundation/Http/Kernel.php(110): Illuminate\\Foundation\\Http\\Kernel->sendRequestThroughRouter(Object(Illuminate\\Http\\Request))
#54 /home/users/0/004/domains/tutto.testkz.ru/public/index.php(52): Illuminate\\Foundation\\Http\\Kernel->handle(Object(Illuminate\\Http\\Request))
#55 {main}

[previous exception] [object] (Doctrine\\DBAL\\Driver\\PDO\\Exception(code: 22001): SQLSTATE[22001]: String data, right truncated: 1406 Data too long for column 'description' at row 1 at /home/users/0/004/domains/tutto.testkz.ru/vendor/doctrine/dbal/lib/Doctrine/DBAL/Driver/PDO/Exception.php:18)
[stacktrace]
#0 /home/users/0/004/domains/tutto.testkz.ru/vendor/doctrine/dbal/lib/Doctrine/DBAL/Driver/PDOStatement.php(114): Doctrine\\DBAL\\Driver\\PDO\\Exception::new(Object(PDOException))
#1 /home/users/0/004/domains/tutto.testkz.ru/vendor/laravel/framework/src/Illuminate/Database/Connection.php(510): Doctrine\\DBAL\\Driver\\PDOStatement->execute()
#2 /home/users/0/004/domains/tutto.testkz.ru/vendor/laravel/framework/src/Illuminate/Database/Connection.php(685): Illuminate\\Database\\Connection->Illuminate\\Database\\{closure}('update `service...', Array)
#3 /home/users/0/004/domains/tutto.testkz.ru/vendor/laravel/framework/src/Illuminate/Database/Connection.php(652): Illuminate\\Database\\Connection->runQueryCallback('update `service...', Array, Object(Closure))
#4 /home/users/0/004/domains/tutto.testkz.ru/vendor/laravel/framework/src/Illuminate/Database/Connection.php(517): Illuminate\\Database\\Connection->run('update `service...', Array, Object(Closure))
#5 /home/users/0/004/domains/tutto.testkz.ru/vendor/laravel/framework/src/Illuminate/Database/Connection.php(450): Illuminate\\Database\\Connection->affectingStatement('update `service...', Array)
#6 /home/users/0/004/domains/tutto.testkz.ru/vendor/laravel/framework/src/Illuminate/Database/Query/Builder.php(2999): Illuminate\\Database\\Connection->update('update `service...', Array)
#7 /home/users/0/004/domains/tutto.testkz.ru/vendor/laravel/framework/src/Illuminate/Database/Eloquent/Builder.php(896): Illuminate\\Database\\Query\\Builder->update(Array)
#8 /home/users/0/004/domains/tutto.testkz.ru/vendor/laravel/framework/src/Illuminate/Database/Eloquent/Model.php(1008): Illuminate\\Database\\Eloquent\\Builder->update(Array)
#9 /home/users/0/004/domains/tutto.testkz.ru/vendor/laravel/framework/src/Illuminate/Database/Eloquent/Model.php(923): Illuminate\\Database\\Eloquent\\Model->performUpdate(Object(Illuminate\\Database\\Eloquent\\Builder))
#10 /home/users/0/004/domains/tutto.testkz.ru/vendor/tcg/voyager/src/Http/Controllers/Controller.php(142): Illuminate\\Database\\Eloquent\\Model->save()
#11 /home/users/0/004/domains/tutto.testkz.ru/vendor/tcg/voyager/src/Http/Controllers/VoyagerBaseController.php(363): TCG\\Voyager\\Http\\Controllers\\Controller->insertUpdateData(Object(Illuminate\\Http\\Request), 'services', Object(Illuminate\\Database\\Eloquent\\Collection), Object(App\\Models\\Service))
#12 /home/users/0/004/domains/tutto.testkz.ru/vendor/laravel/framework/src/Illuminate/Routing/Controller.php(54): TCG\\Voyager\\Http\\Controllers\\VoyagerBaseController->update(Object(Illuminate\\Http\\Request), '1')
#13 /home/users/0/004/domains/tutto.testkz.ru/vendor/laravel/framework/src/Illuminate/Routing/ControllerDispatcher.php(45): Illuminate\\Routing\\Controller->callAction('update', Array)
#14 /home/users/0/004/domains/tutto.testkz.ru/vendor/laravel/framework/src/Illuminate/Routing/Route.php(254): Illuminate\\Routing\\ControllerDispatcher->dispatch(Object(Illuminate\\Routing\\Route), Object(App\\Http\\Controllers\\Voyager\\VoyagerBaseController), 'update')
#15 /home/users/0/004/domains/tutto.testkz.ru/vendor/laravel/framework/src/Illuminate/Routing/Route.php(197): Illuminate\\Routing\\Route->runController()
#16 /home/users/0/004/domains/tutto.testkz.ru/vendor/laravel/framework/src/Illuminate/Routing/Router.php(695): Illuminate\\Routing\\Route->run()
#17 /home/users/0/004/domains/tutto.testkz.ru/vendor/laravel/framework/src/Illuminate/Pipeline/Pipeline.php(128): Illuminate\\Routing\\Router->Illuminate\\Routing\\{closure}(Object(Illuminate\\Http\\Request))
#18 /home/users/0/004/domains/tutto.testkz.ru/vendor/tcg/voyager/src/Http/Middleware/VoyagerAdminMiddleware.php(26): Illuminate\\Pipeline\\Pipeline->Illuminate\\Pipeline\\{closure}(Object(Illuminate\\Http\\Request))
#19 /home/users/0/004/domains/tutto.testkz.ru/vendor/laravel/framework/src/Illuminate/Pipeline/Pipeline.php(167): TCG\\Voyager\\Http\\Middleware\\VoyagerAdminMiddleware->handle(Object(Illuminate\\Http\\Request), Object(Closure))
#20 /home/users/0/004/domains/tutto.testkz.ru/vendor/laravel/framework/src/Illuminate/Routing/Middleware/SubstituteBindings.php(50): Illuminate\\Pipeline\\Pipeline->Illuminate\\Pipeline\\{closure}(Object(Illuminate\\Http\\Request))
#21 /home/users/0/004/domains/tutto.testkz.ru/vendor/laravel/framework/src/Illuminate/Pipeline/Pipeline.php(167): Illuminate\\Routing\\Middleware\\SubstituteBindings->handle(Object(Illuminate\\Http\\Request), Object(Closure))
#22 /home/users/0/004/domains/tutto.testkz.ru/vendor/laravel/framework/src/Illuminate/Foundation/Http/Middleware/VerifyCsrfToken.php(78): Illuminate\\Pipeline\\Pipeline->Illuminate\\Pipeline\\{closure}(Object(Illuminate\\Http\\Request))
#23 /home/users/0/004/domains/tutto.testkz.ru/vendor/laravel/framework/src/Illuminate/Pipeline/Pipeline.php(167): Illuminate\\Foundation\\Http\\Middleware\\VerifyCsrfToken->handle(Object(Illuminate\\Http\\Request), Object(Closure))
#24 /home/users/0/004/domains/tutto.testkz.ru/vendor/laravel/framework/src/Illuminate/View/Middleware/ShareErrorsFromSession.php(49): Illuminate\\Pipeline\\Pipeline->Illuminate\\Pipeline\\{closure}(Object(Illuminate\\Http\\Request))
#25 /home/users/0/004/domains/tutto.testkz.ru/vendor/laravel/framework/src/Illuminate/Pipeline/Pipeline.php(167): Illuminate\\View\\Middleware\\ShareErrorsFromSession->handle(Object(Illuminate\\Http\\Request), Object(Closure))
#26 /home/users/0/004/domains/tutto.testkz.ru/vendor/laravel/framework/src/Illuminate/Session/Middleware/StartSession.php(121): Illuminate\\Pipeline\\Pipeline->Illuminate\\Pipeline\\{closure}(Object(Illuminate\\Http\\Request))
#27 /home/users/0/004/domains/tutto.testkz.ru/vendor/laravel/framework/src/Illuminate/Session/Middleware/StartSession.php(64): Illuminate\\Session\\Middleware\\StartSession->handleStatefulRequest(Object(Illuminate\\Http\\Request), Object(Illuminate\\Session\\Store), Object(Closure))
#28 /home/users/0/004/domains/tutto.testkz.ru/vendor/laravel/framework/src/Illuminate/Pipeline/Pipeline.php(167): Illuminate\\Session\\Middleware\\StartSession->handle(Object(Illuminate\\Http\\Request), Object(Closure))
#29 /home/users/0/004/domains/tutto.testkz.ru/vendor/laravel/framework/src/Illuminate/Cookie/Middleware/AddQueuedCookiesToResponse.php(37): Illuminate\\Pipeline\\Pipeline->Illuminate\\Pipeline\\{closure}(Object(Illuminate\\Http\\Request))
#30 /home/users/0/004/domains/tutto.testkz.ru/vendor/laravel/framework/src/Illuminate/Pipeline/Pipeline.php(167): Illuminate\\Cookie\\Middleware\\AddQueuedCookiesToResponse->handle(Object(Illuminate\\Http\\Request), Object(Closure))
#31 /home/users/0/004/domains/tutto.testkz.ru/vendor/laravel/framework/src/Illuminate/Cookie/Middleware/EncryptCookies.php(67): Illuminate\\Pipeline\\Pipeline->Illuminate\\Pipeline\\{closure}(Object(Illuminate\\Http\\Request))
#32 /home/users/0/004/domains/tutto.testkz.ru/vendor/laravel/framework/src/Illuminate/Pipeline/Pipeline.php(167): Illuminate\\Cookie\\Middleware\\EncryptCookies->handle(Object(Illuminate\\Http\\Request), Object(Closure))
#33 /home/users/0/004/domains/tutto.testkz.ru/vendor/laravel/framework/src/Illuminate/Pipeline/Pipeline.php(103): Illuminate\\Pipeline\\Pipeline->Illuminate\\Pipeline\\{closure}(Object(Illuminate\\Http\\Request))
#34 /home/users/0/004/domains/tutto.testkz.ru/vendor/laravel/framework/src/Illuminate/Routing/Router.php(697): Illuminate\\Pipeline\\Pipeline->then(Object(Closure))
#35 /home/users/0/004/domains/tutto.testkz.ru/vendor/laravel/framework/src/Illuminate/Routing/Router.php(672): Illuminate\\Routing\\Router->runRouteWithinStack(Object(Illuminate\\Routing\\Route), Object(Illuminate\\Http\\Request))
#36 /home/users/0/004/domains/tutto.testkz.ru/vendor/laravel/framework/src/Illuminate/Routing/Router.php(636): Illuminate\\Routing\\Router->runRoute(Object(Illuminate\\Http\\Request), Object(Illuminate\\Routing\\Route))
#37 /home/users/0/004/domains/tutto.testkz.ru/vendor/laravel/framework/src/Illuminate/Routing/Router.php(625): Illuminate\\Routing\\Router->dispatchToRoute(Object(Illuminate\\Http\\Request))
#38 /home/users/0/004/domains/tutto.testkz.ru/vendor/laravel/framework/src/Illuminate/Foundation/Http/Kernel.php(166): Illuminate\\Routing\\Router->dispatch(Object(Illuminate\\Http\\Request))
#39 /home/users/0/004/domains/tutto.testkz.ru/vendor/laravel/framework/src/Illuminate/Pipeline/Pipeline.php(128): Illuminate\\Foundation\\Http\\Kernel->Illuminate\\Foundation\\Http\\{closure}(Object(Illuminate\\Http\\Request))
#40 /home/users/0/004/domains/tutto.testkz.ru/vendor/laravel/framework/src/Illuminate/Foundation/Http/Middleware/TransformsRequest.php(21): Illuminate\\Pipeline\\Pipeline->Illuminate\\Pipeline\\{closure}(Object(Illuminate\\Http\\Request))
#41 /home/users/0/004/domains/tutto.testkz.ru/vendor/laravel/framework/src/Illuminate/Foundation/Http/Middleware/ConvertEmptyStringsToNull.php(31): Illuminate\\Foundation\\Http\\Middleware\\TransformsRequest->handle(Object(Illuminate\\Http\\Request), Object(Closure))
#42 /home/users/0/004/domains/tutto.testkz.ru/vendor/laravel/framework/src/Illuminate/Pipeline/Pipeline.php(167): Illuminate\\Foundation\\Http\\Middleware\\ConvertEmptyStringsToNull->handle(Object(Illuminate\\Http\\Request), Object(Closure))
#43 /home/users/0/004/domains/tutto.testkz.ru/vendor/laravel/framework/src/Illuminate/Foundation/Http/Middleware/TransformsRequest.php(21): Illuminate\\Pipeline\\Pipeline->Illuminate\\Pipeline\\{closure}(Object(Illuminate\\Http\\Request))
#44 /home/users/0/004/domains/tutto.testkz.ru/vendor/laravel/framework/src/Illuminate/Foundation/Http/Middleware/TrimStrings.php(40): Illuminate\\Foundation\\Http\\Middleware\\TransformsRequest->handle(Object(Illuminate\\Http\\Request), Object(Closure))
#45 /home/users/0/004/domains/tutto.testkz.ru/vendor/laravel/framework/src/Illuminate/Pipeline/Pipeline.php(167): Illuminate\\Foundation\\Http\\Middleware\\TrimStrings->handle(Object(Illuminate\\Http\\Request), Object(Closure))
#46 /home/users/0/004/domains/tutto.testkz.ru/vendor/laravel/framework/src/Illuminate/Foundation/Http/Middleware/ValidatePostSize.php(27): Illuminate\\Pipeline\\Pipeline->Illuminate\\Pipeline\\{closure}(Object(Illuminate\\Http\\Request))
#47 /home/users/0/004/domains/tutto.testkz.ru/vendor/laravel/framework/src/Illuminate/Pipeline/Pipeline.php(167): Illuminate\\Foundation\\Http\\Middleware\\ValidatePostSize->handle(Object(Illuminate\\Http\\Request), Object(Closure))
#48 /home/users/0/004/domains/tutto.testkz.ru/vendor/laravel/framework/src/Illuminate/Foundation/Http/Middleware/PreventRequestsDuringMaintenance.php(86): Illuminate\\Pipeline\\Pipeline->Illuminate\\Pipeline\\{closure}(Object(Illuminate\\Http\\Request))
#49 /home/users/0/004/domains/tutto.testkz.ru/vendor/laravel/framework/src/Illuminate/Pipeline/Pipeline.php(167): Illuminate\\Foundation\\Http\\Middleware\\PreventRequestsDuringMaintenance->handle(Object(Illuminate\\Http\\Request), Object(Closure))
#50 /home/users/0/004/domains/tutto.testkz.ru/vendor/fruitcake/laravel-cors/src/HandleCors.php(38): Illuminate\\Pipeline\\Pipeline->Illuminate\\Pipeline\\{closure}(Object(Illuminate\\Http\\Request))
#51 /home/users/0/004/domains/tutto.testkz.ru/vendor/laravel/framework/src/Illuminate/Pipeline/Pipeline.php(167): Fruitcake\\Cors\\HandleCors->handle(Object(Illuminate\\Http\\Request), Object(Closure))
#52 /home/users/0/004/domains/tutto.testkz.ru/vendor/fideloper/proxy/src/TrustProxies.php(57): Illuminate\\Pipeline\\Pipeline->Illuminate\\Pipeline\\{closure}(Object(Illuminate\\Http\\Request))
#53 /home/users/0/004/domains/tutto.testkz.ru/vendor/laravel/framework/src/Illuminate/Pipeline/Pipeline.php(167): Fideloper\\Proxy\\TrustProxies->handle(Object(Illuminate\\Http\\Request), Object(Closure))
#54 /home/users/0/004/domains/tutto.testkz.ru/vendor/laravel/framework/src/Illuminate/Pipeline/Pipeline.php(103): Illuminate\\Pipeline\\Pipeline->Illuminate\\Pipeline\\{closure}(Object(Illuminate\\Http\\Request))
#55 /home/users/0/004/domains/tutto.testkz.ru/vendor/laravel/framework/src/Illuminate/Foundation/Http/Kernel.php(141): Illuminate\\Pipeline\\Pipeline->then(Object(Closure))
#56 /home/users/0/004/domains/tutto.testkz.ru/vendor/laravel/framework/src/Illuminate/Foundation/Http/Kernel.php(110): Illuminate\\Foundation\\Http\\Kernel->sendRequestThroughRouter(Object(Illuminate\\Http\\Request))
#57 /home/users/0/004/domains/tutto.testkz.ru/public/index.php(52): Illuminate\\Foundation\\Http\\Kernel->handle(Object(Illuminate\\Http\\Request))
#58 {main}

[previous exception] [object] (PDOException(code: 22001): SQLSTATE[22001]: String data, right truncated: 1406 Data too long for column 'description' at row 1 at /home/users/0/004/domains/tutto.testkz.ru/vendor/doctrine/dbal/lib/Doctrine/DBAL/Driver/PDOStatement.php:112)
[stacktrace]
#0 /home/users/0/004/domains/tutto.testkz.ru/vendor/doctrine/dbal/lib/Doctrine/DBAL/Driver/PDOStatement.php(112): PDOStatement->execute(NULL)
#1 /home/users/0/004/domains/tutto.testkz.ru/vendor/laravel/framework/src/Illuminate/Database/Connection.php(510): Doctrine\\DBAL\\Driver\\PDOStatement->execute()
#2 /home/users/0/004/domains/tutto.testkz.ru/vendor/laravel/framework/src/Illuminate/Database/Connection.php(685): Illuminate\\Database\\Connection->Illuminate\\Database\\{closure}('update `service...', Array)
#3 /home/users/0/004/domains/tutto.testkz.ru/vendor/laravel/framework/src/Illuminate/Database/Connection.php(652): Illuminate\\Database\\Connection->runQueryCallback('update `service...', Array, Object(Closure))
#4 /home/users/0/004/domains/tutto.testkz.ru/vendor/laravel/framework/src/Illuminate/Database/Connection.php(517): Illuminate\\Database\\Connection->run('update `service...', Array, Object(Closure))
#5 /home/users/0/004/domains/tutto.testkz.ru/vendor/laravel/framework/src/Illuminate/Database/Connection.php(450): Illuminate\\Database\\Connection->affectingStatement('update `service...', Array)
#6 /home/users/0/004/domains/tutto.testkz.ru/vendor/laravel/framework/src/Illuminate/Database/Query/Builder.php(2999): Illuminate\\Database\\Connection->update('update `service...', Array)
#7 /home/users/0/004/domains/tutto.testkz.ru/vendor/laravel/framework/src/Illuminate/Database/Eloquent/Builder.php(896): Illuminate\\Database\\Query\\Builder->update(Array)
#8 /home/users/0/004/domains/tutto.testkz.ru/vendor/laravel/framework/src/Illuminate/Database/Eloquent/Model.php(1008): Illuminate\\Database\\Eloquent\\Builder->update(Array)
#9 /home/users/0/004/domains/tutto.testkz.ru/vendor/laravel/framework/src/Illuminate/Database/Eloquent/Model.php(923): Illuminate\\Database\\Eloquent\\Model->performUpdate(Object(Illuminate\\Database\\Eloquent\\Builder))
#10 /home/users/0/004/domains/tutto.testkz.ru/vendor/tcg/voyager/src/Http/Controllers/Controller.php(142): Illuminate\\Database\\Eloquent\\Model->save()
#11 /home/users/0/004/domains/tutto.testkz.ru/vendor/tcg/voyager/src/Http/Controllers/VoyagerBaseController.php(363): TCG\\Voyager\\Http\\Controllers\\Controller->insertUpdateData(Object(Illuminate\\Http\\Request), 'services', Object(Illuminate\\Database\\Eloquent\\Collection), Object(App\\Models\\Service))
#12 /home/users/0/004/domains/tutto.testkz.ru/vendor/laravel/framework/src/Illuminate/Routing/Controller.php(54): TCG\\Voyager\\Http\\Controllers\\VoyagerBaseController->update(Object(Illuminate\\Http\\Request), '1')
#13 /home/users/0/004/domains/tutto.testkz.ru/vendor/laravel/framework/src/Illuminate/Routing/ControllerDispatcher.php(45): Illuminate\\Routing\\Controller->callAction('update', Array)
#14 /home/users/0/004/domains/tutto.testkz.ru/vendor/laravel/framework/src/Illuminate/Routing/Route.php(254): Illuminate\\Routing\\ControllerDispatcher->dispatch(Object(Illuminate\\Routing\\Route), Object(App\\Http\\Controllers\\Voyager\\VoyagerBaseController), 'update')
#15 /home/users/0/004/domains/tutto.testkz.ru/vendor/laravel/framework/src/Illuminate/Routing/Route.php(197): Illuminate\\Routing\\Route->runController()
#16 /home/users/0/004/domains/tutto.testkz.ru/vendor/laravel/framework/src/Illuminate/Routing/Router.php(695): Illuminate\\Routing\\Route->run()
#17 /home/users/0/004/domains/tutto.testkz.ru/vendor/laravel/framework/src/Illuminate/Pipeline/Pipeline.php(128): Illuminate\\Routing\\Router->Illuminate\\Routing\\{closure}(Object(Illuminate\\Http\\Request))
#18 /home/users/0/004/domains/tutto.testkz.ru/vendor/tcg/voyager/src/Http/Middleware/VoyagerAdminMiddleware.php(26): Illuminate\\Pipeline\\Pipeline->Illuminate\\Pipeline\\{closure}(Object(Illuminate\\Http\\Request))
#19 /home/users/0/004/domains/tutto.testkz.ru/vendor/laravel/framework/src/Illuminate/Pipeline/Pipeline.php(167): TCG\\Voyager\\Http\\Middleware\\VoyagerAdminMiddleware->handle(Object(Illuminate\\Http\\Request), Object(Closure))
#20 /home/users/0/004/domains/tutto.testkz.ru/vendor/laravel/framework/src/Illuminate/Routing/Middleware/SubstituteBindings.php(50): Illuminate\\Pipeline\\Pipeline->Illuminate\\Pipeline\\{closure}(Object(Illuminate\\Http\\Request))
#21 /home/users/0/004/domains/tutto.testkz.ru/vendor/laravel/framework/src/Illuminate/Pipeline/Pipeline.php(167): Illuminate\\Routing\\Middleware\\SubstituteBindings->handle(Object(Illuminate\\Http\\Request), Object(Closure))
#22 /home/users/0/004/domains/tutto.testkz.ru/vendor/laravel/framework/src/Illuminate/Foundation/Http/Middleware/VerifyCsrfToken.php(78): Illuminate\\Pipeline\\Pipeline->Illuminate\\Pipeline\\{closure}(Object(Illuminate\\Http\\Request))
#23 /home/users/0/004/domains/tutto.testkz.ru/vendor/laravel/framework/src/Illuminate/Pipeline/Pipeline.php(167): Illuminate\\Foundation\\Http\\Middleware\\VerifyCsrfToken->handle(Object(Illuminate\\Http\\Request), Object(Closure))
#24 /home/users/0/004/domains/tutto.testkz.ru/vendor/laravel/framework/src/Illuminate/View/Middleware/ShareErrorsFromSession.php(49): Illuminate\\Pipeline\\Pipeline->Illuminate\\Pipeline\\{closure}(Object(Illuminate\\Http\\Request))
#25 /home/users/0/004/domains/tutto.testkz.ru/vendor/laravel/framework/src/Illuminate/Pipeline/Pipeline.php(167): Illuminate\\View\\Middleware\\ShareErrorsFromSession->handle(Object(Illuminate\\Http\\Request), Object(Closure))
#26 /home/users/0/004/domains/tutto.testkz.ru/vendor/laravel/framework/src/Illuminate/Session/Middleware/StartSession.php(121): Illuminate\\Pipeline\\Pipeline->Illuminate\\Pipeline\\{closure}(Object(Illuminate\\Http\\Request))
#27 /home/users/0/004/domains/tutto.testkz.ru/vendor/laravel/framework/src/Illuminate/Session/Middleware/StartSession.php(64): Illuminate\\Session\\Middleware\\StartSession->handleStatefulRequest(Object(Illuminate\\Http\\Request), Object(Illuminate\\Session\\Store), Object(Closure))
#28 /home/users/0/004/domains/tutto.testkz.ru/vendor/laravel/framework/src/Illuminate/Pipeline/Pipeline.php(167): Illuminate\\Session\\Middleware\\StartSession->handle(Object(Illuminate\\Http\\Request), Object(Closure))
#29 /home/users/0/004/domains/tutto.testkz.ru/vendor/laravel/framework/src/Illuminate/Cookie/Middleware/AddQueuedCookiesToResponse.php(37): Illuminate\\Pipeline\\Pipeline->Illuminate\\Pipeline\\{closure}(Object(Illuminate\\Http\\Request))
#30 /home/users/0/004/domains/tutto.testkz.ru/vendor/laravel/framework/src/Illuminate/Pipeline/Pipeline.php(167): Illuminate\\Cookie\\Middleware\\AddQueuedCookiesToResponse->handle(Object(Illuminate\\Http\\Request), Object(Closure))
#31 /home/users/0/004/domains/tutto.testkz.ru/vendor/laravel/framework/src/Illuminate/Cookie/Middleware/EncryptCookies.php(67): Illuminate\\Pipeline\\Pipeline->Illuminate\\Pipeline\\{closure}(Object(Illuminate\\Http\\Request))
#32 /home/users/0/004/domains/tutto.testkz.ru/vendor/laravel/framework/src/Illuminate/Pipeline/Pipeline.php(167): Illuminate\\Cookie\\Middleware\\EncryptCookies->handle(Object(Illuminate\\Http\\Request), Object(Closure))
#33 /home/users/0/004/domains/tutto.testkz.ru/vendor/laravel/framework/src/Illuminate/Pipeline/Pipeline.php(103): Illuminate\\Pipeline\\Pipeline->Illuminate\\Pipeline\\{closure}(Object(Illuminate\\Http\\Request))
#34 /home/users/0/004/domains/tutto.testkz.ru/vendor/laravel/framework/src/Illuminate/Routing/Router.php(697): Illuminate\\Pipeline\\Pipeline->then(Object(Closure))
#35 /home/users/0/004/domains/tutto.testkz.ru/vendor/laravel/framework/src/Illuminate/Routing/Router.php(672): Illuminate\\Routing\\Router->runRouteWithinStack(Object(Illuminate\\Routing\\Route), Object(Illuminate\\Http\\Request))
#36 /home/users/0/004/domains/tutto.testkz.ru/vendor/laravel/framework/src/Illuminate/Routing/Router.php(636): Illuminate\\Routing\\Router->runRoute(Object(Illuminate\\Http\\Request), Object(Illuminate\\Routing\\Route))
#37 /home/users/0/004/domains/tutto.testkz.ru/vendor/laravel/framework/src/Illuminate/Routing/Router.php(625): Illuminate\\Routing\\Router->dispatchToRoute(Object(Illuminate\\Http\\Request))
#38 /home/users/0/004/domains/tutto.testkz.ru/vendor/laravel/framework/src/Illuminate/Foundation/Http/Kernel.php(166): Illuminate\\Routing\\Router->dispatch(Object(Illuminate\\Http\\Request))
#39 /home/users/0/004/domains/tutto.testkz.ru/vendor/laravel/framework/src/Illuminate/Pipeline/Pipeline.php(128): Illuminate\\Foundation\\Http\\Kernel->Illuminate\\Foundation\\Http\\{closure}(Object(Illuminate\\Http\\Request))
#40 /home/users/0/004/domains/tutto.testkz.ru/vendor/laravel/framework/src/Illuminate/Foundation/Http/Middleware/TransformsRequest.php(21): Illuminate\\Pipeline\\Pipeline->Illuminate\\Pipeline\\{closure}(Object(Illuminate\\Http\\Request))
#41 /home/users/0/004/domains/tutto.testkz.ru/vendor/laravel/framework/src/Illuminate/Foundation/Http/Middleware/ConvertEmptyStringsToNull.php(31): Illuminate\\Foundation\\Http\\Middleware\\TransformsRequest->handle(Object(Illuminate\\Http\\Request), Object(Closure))
#42 /home/users/0/004/domains/tutto.testkz.ru/vendor/laravel/framework/src/Illuminate/Pipeline/Pipeline.php(167): Illuminate\\Foundation\\Http\\Middleware\\ConvertEmptyStringsToNull->handle(Object(Illuminate\\Http\\Request), Object(Closure))
#43 /home/users/0/004/domains/tutto.testkz.ru/vendor/laravel/framework/src/Illuminate/Foundation/Http/Middleware/TransformsRequest.php(21): Illuminate\\Pipeline\\Pipeline->Illuminate\\Pipeline\\{closure}(Object(Illuminate\\Http\\Request))
#44 /home/users/0/004/domains/tutto.testkz.ru/vendor/laravel/framework/src/Illuminate/Foundation/Http/Middleware/TrimStrings.php(40): Illuminate\\Foundation\\Http\\Middleware\\TransformsRequest->handle(Object(Illuminate\\Http\\Request), Object(Closure))
#45 /home/users/0/004/domains/tutto.testkz.ru/vendor/laravel/framework/src/Illuminate/Pipeline/Pipeline.php(167): Illuminate\\Foundation\\Http\\Middleware\\TrimStrings->handle(Object(Illuminate\\Http\\Request), Object(Closure))
#46 /home/users/0/004/domains/tutto.testkz.ru/vendor/laravel/framework/src/Illuminate/Foundation/Http/Middleware/ValidatePostSize.php(27): Illuminate\\Pipeline\\Pipeline->Illuminate\\Pipeline\\{closure}(Object(Illuminate\\Http\\Request))
#47 /home/users/0/004/domains/tutto.testkz.ru/vendor/laravel/framework/src/Illuminate/Pipeline/Pipeline.php(167): Illuminate\\Foundation\\Http\\Middleware\\ValidatePostSize->handle(Object(Illuminate\\Http\\Request), Object(Closure))
#48 /home/users/0/004/domains/tutto.testkz.ru/vendor/laravel/framework/src/Illuminate/Foundation/Http/Middleware/PreventRequestsDuringMaintenance.php(86): Illuminate\\Pipeline\\Pipeline->Illuminate\\Pipeline\\{closure}(Object(Illuminate\\Http\\Request))
#49 /home/users/0/004/domains/tutto.testkz.ru/vendor/laravel/framework/src/Illuminate/Pipeline/Pipeline.php(167): Illuminate\\Foundation\\Http\\Middleware\\PreventRequestsDuringMaintenance->handle(Object(Illuminate\\Http\\Request), Object(Closure))
#50 /home/users/0/004/domains/tutto.testkz.ru/vendor/fruitcake/laravel-cors/src/HandleCors.php(38): Illuminate\\Pipeline\\Pipeline->Illuminate\\Pipeline\\{closure}(Object(Illuminate\\Http\\Request))
#51 /home/users/0/004/domains/tutto.testkz.ru/vendor/laravel/framework/src/Illuminate/Pipeline/Pipeline.php(167): Fruitcake\\Cors\\HandleCors->handle(Object(Illuminate\\Http\\Request), Object(Closure))
#52 /home/users/0/004/domains/tutto.testkz.ru/vendor/fideloper/proxy/src/TrustProxies.php(57): Illuminate\\Pipeline\\Pipeline->Illuminate\\Pipeline\\{closure}(Object(Illuminate\\Http\\Request))
#53 /home/users/0/004/domains/tutto.testkz.ru/vendor/laravel/framework/src/Illuminate/Pipeline/Pipeline.php(167): Fideloper\\Proxy\\TrustProxies->handle(Object(Illuminate\\Http\\Request), Object(Closure))
#54 /home/users/0/004/domains/tutto.testkz.ru/vendor/laravel/framework/src/Illuminate/Pipeline/Pipeline.php(103): Illuminate\\Pipeline\\Pipeline->Illuminate\\Pipeline\\{closure}(Object(Illuminate\\Http\\Request))
#55 /home/users/0/004/domains/tutto.testkz.ru/vendor/laravel/framework/src/Illuminate/Foundation/Http/Kernel.php(141): Illuminate\\Pipeline\\Pipeline->then(Object(Closure))
#56 /home/users/0/004/domains/tutto.testkz.ru/vendor/laravel/framework/src/Illuminate/Foundation/Http/Kernel.php(110): Illuminate\\Foundation\\Http\\Kernel->sendRequestThroughRouter(Object(Illuminate\\Http\\Request))
#57 /home/users/0/004/domains/tutto.testkz.ru/public/index.php(52): Illuminate\\Foundation\\Http\\Kernel->handle(Object(Illuminate\\Http\\Request))
#58 {main}
"} 
